c:\users\ndrom\source\repos\computer_vision\cpp_opencv\x64\release\vc142.pdb
c:\users\ndrom\source\repos\computer_vision\cpp_opencv\x64\release\cpp_opencv.obj
c:\users\ndrom\source\repos\computervision\cpp_opencv\x64\release\vc142.pdb
c:\users\ndrom\source\repos\computervision\cpp_opencv\x64\release\cpp_opencv.obj
c:\users\ndrom\source\repos\computer_vision\x64\release\cpp_opencv.ipdb
c:\users\ndrom\source\repos\computer_vision\x64\release\cpp_opencv.iobj
c:\users\ndrom\source\repos\computer_vision\x64\release\cpp_opencv.lib
c:\users\ndrom\source\repos\computer_vision\x64\release\cpp_opencv.exp
c:\users\ndrom\source\repos\computervision\x64\release\cpp_opencv.lib
c:\users\ndrom\source\repos\computervision\x64\release\cpp_opencv.exp
c:\users\ndrom\source\repos\computervision\x64\release\cpp_opencv.ipdb
c:\users\ndrom\source\repos\computervision\x64\release\cpp_opencv.iobj
c:\users\ndrom\source\repos\computer_vision\x64\release\cpp_opencv.exe
c:\users\ndrom\source\repos\computer_vision\x64\release\cpp_opencv.pdb
c:\users\ndrom\source\repos\computervision\x64\release\cpp_opencv.exe
c:\users\ndrom\source\repos\computervision\x64\release\cpp_opencv.pdb
c:\users\ndrom\source\repos\computer_vision\cpp_opencv\x64\release\cpp_opencv.res
c:\users\ndrom\source\repos\computervision\cpp_opencv\x64\release\cpp_opencv.res
c:\users\ndrom\source\repos\computervision\cpp_opencv\x64\release\cpp_opencv.tlog\cl.command.1.tlog
c:\users\ndrom\source\repos\computervision\cpp_opencv\x64\release\cpp_opencv.tlog\cl.read.1.tlog
c:\users\ndrom\source\repos\computervision\cpp_opencv\x64\release\cpp_opencv.tlog\cl.write.1.tlog
c:\users\ndrom\source\repos\computervision\cpp_opencv\x64\release\cpp_opencv.tlog\cpp_opencv.write.1u.tlog
c:\users\ndrom\source\repos\computervision\cpp_opencv\x64\release\cpp_opencv.tlog\link.command.1.tlog
c:\users\ndrom\source\repos\computervision\cpp_opencv\x64\release\cpp_opencv.tlog\link.delete.1.tlog
c:\users\ndrom\source\repos\computervision\cpp_opencv\x64\release\cpp_opencv.tlog\link.read.1.tlog
c:\users\ndrom\source\repos\computervision\cpp_opencv\x64\release\cpp_opencv.tlog\link.write.1.tlog
c:\users\ndrom\source\repos\computervision\cpp_opencv\x64\release\cpp_opencv.tlog\rc.command.1.tlog
c:\users\ndrom\source\repos\computervision\cpp_opencv\x64\release\cpp_opencv.tlog\rc.read.1.tlog
c:\users\ndrom\source\repos\computervision\cpp_opencv\x64\release\cpp_opencv.tlog\rc.write.1.tlog
